<?xml version="1.0" encoding="UTF-8"?>
<testng-results ignored="0" total="1" passed="1" failed="0" skipped="0">
  <reporter-output>
  </reporter-output>
  <suite started-at="2021-11-16T21:42:15 IST" name="Default suite" finished-at="2021-11-16T21:42:17 IST" duration-ms="2318">
    <groups>
    </groups>
    <test started-at="2021-11-16T21:42:15 IST" name="Default test" finished-at="2021-11-16T21:42:17 IST" duration-ms="2318">
      <class name="Revison_01.Revison_01.TestRunner01">
        <test-method signature="ff()[pri:0, instance:Revison_01.Revison_01.TestRunner01@31ff6309]" started-at="2021-11-16T21:42:15 IST" name="ff" finished-at="2021-11-16T21:42:17 IST" duration-ms="2160" status="PASS">
          <reporter-output>
          </reporter-output>
        </test-method> <!-- ff -->
      </class> <!-- Revison_01.Revison_01.TestRunner01 -->
    </test> <!-- Default test -->
  </suite> <!-- Default suite -->
</testng-results>
